app/build/outputs/logs/manifest-merger-debug-report.txt
-- Merging decision tree log ---
manifest
ADDED from src/main/AndroidManifest.xml:2:1-64:12
INJECTED from src/main/AndroidManifest.xml:2:1-64:12
INJECTED from src/main/AndroidManifest.xml:2:1-64:12
INJECTED from src/main/AndroidManifest.xml:2:1-64:12
MERGED from [com.android.support:support-v13:28.0.0] AndroidManifest.xml:17:1-22:12
MERGED from [com.github.ytai.ioio:IOIOLibAndroidBluetooth:5.05] AndroidManifest.xml:2:1-9:12
MERGED from [com.github.ytai.ioio:IOIOLibAndroid:5.05] AndroidManifest.xml:2:1-9:12
MERGED from [com.oguzdev:CircularFloatingActionMenu:1.0.2] AndroidManifest.xml:2:1-11:12
MERGED from [com.android.support:support-v4:28.0.0] AndroidManifest.xml:17:1-22:12
MERGED from [com.android.support:support-media-compat:28.0.0] AndroidManifest.xml:17:1-22:12
MERGED from [com.android.support:support-fragment:28.0.0] AndroidManifest.xml:17:1-22:12
MERGED from [com.android.support:support-core-ui:28.0.0] AndroidManifest.xml:17:1-22:12
MERGED from [com.android.support:support-core-utils:28.0.0] AndroidManifest.xml:17:1-22:12
MERGED from [com.android.support:loader:28.0.0] AndroidManifest.xml:17:1-22:12
MERGED from [com.android.support:viewpager:28.0.0] AndroidManifest.xml:17:1-22:12
MERGED from [com.android.support:coordinatorlayout:28.0.0] AndroidManifest.xml:17:1-22:12
MERGED from [com.android.support:drawerlayout:28.0.0] AndroidManifest.xml:17:1-22:12
MERGED from [com.android.support:slidingpanelayout:28.0.0] AndroidManifest.xml:17:1-22:12
MERGED from [com.android.support:customview:28.0.0] AndroidManifest.xml:17:1-22:12
MERGED from [com.android.support:swiperefreshlayout:28.0.0] AndroidManifest.xml:17:1-22:12
MERGED from [com.android.support:asynclayoutinflater:28.0.0] AndroidManifest.xml:17:1-22:12
MERGED from [com.android.support:support-compat:28.0.0] AndroidManifest.xml:17:1-24:12
MERGED from [com.android.support:versionedparcelable:28.0.0] AndroidManifest.xml:17:1-25:12
MERGED from [android.arch.lifecycle:runtime:1.1.1] AndroidManifest.xml:17:1-22:12
MERGED from [com.android.support:documentfile:28.0.0] AndroidManifest.xml:17:1-22:12
MERGED from [com.android.support:localbroadcastmanager:28.0.0] AndroidManifest.xml:17:1-22:12
MERGED from [com.android.support:print:28.0.0] AndroidManifest.xml:17:1-22:12
MERGED from [com.android.support:interpolator:28.0.0] AndroidManifest.xml:17:1-22:12
MERGED from [com.android.support:cursoradapter:28.0.0] AndroidManifest.xml:17:1-22:12
MERGED from [android.arch.lifecycle:viewmodel:1.1.1] AndroidManifest.xml:17:1-22:12
MERGED from [android.arch.lifecycle:livedata:1.1.1] AndroidManifest.xml:17:1-22:12
MERGED from [android.arch.lifecycle:livedata-core:1.1.1] AndroidManifest.xml:17:1-22:12
MERGED from [android.arch.core:runtime:1.1.1] AndroidManifest.xml:17:1-22:12
INJECTED from src/main/AndroidManifest.xml:2:1-64:12
INJECTED from src/main/AndroidManifest.xml:2:1-64:12
INJECTED from src/main/AndroidManifest.xml:2:1-64:12
	package
		ADDED from src/main/AndroidManifest.xml:3:5-45
		INJECTED from src/main/AndroidManifest.xml
		INJECTED from src/main/AndroidManifest.xml
	android:versionName
		ADDED from src/main/AndroidManifest.xml:6:5-32
		INJECTED from src/main/AndroidManifest.xml
		INJECTED from src/main/AndroidManifest.xml
	xmlns:android
		ADDED from src/main/AndroidManifest.xml:2:11-69
	android:versionCode
		ADDED from src/main/AndroidManifest.xml:5:5-29
		INJECTED from src/main/AndroidManifest.xml
		INJECTED from src/main/AndroidManifest.xml
	android:installLocation
		ADDED from src/main/AndroidManifest.xml:4:5-35
uses-permission#android.permission.INTERNET
ADDED from src/main/AndroidManifest.xml:8:5-67
MERGED from [com.github.ytai.ioio:IOIOLibAndroid:5.05] AndroidManifest.xml:7:5-67
MERGED from [com.github.ytai.ioio:IOIOLibAndroid:5.05] AndroidManifest.xml:7:5-67
	android:name
		ADDED from src/main/AndroidManifest.xml:8:22-64
uses-permission#android.permission.ACCESS_NETWORK_STATE
ADDED from src/main/AndroidManifest.xml:9:5-79
	android:name
		ADDED from src/main/AndroidManifest.xml:9:22-76
uses-permission#android.permission.ACCESS_WIFI_STATE
ADDED from src/main/AndroidManifest.xml:10:5-76
	android:name
		ADDED from src/main/AndroidManifest.xml:10:22-73
uses-permission#android.permission.CAMERA
ADDED from src/main/AndroidManifest.xml:11:5-65
	android:name
		ADDED from src/main/AndroidManifest.xml:11:22-62
uses-permission#android.permission.WRITE_EXTERNAL_STORAGE
ADDED from src/main/AndroidManifest.xml:12:5-81
	android:name
		ADDED from src/main/AndroidManifest.xml:12:22-78
uses-permission#android.permission.BLUETOOTH
ADDED from src/main/AndroidManifest.xml:13:5-68
MERGED from [com.github.ytai.ioio:IOIOLibAndroidBluetooth:5.05] AndroidManifest.xml:7:5-68
MERGED from [com.github.ytai.ioio:IOIOLibAndroidBluetooth:5.05] AndroidManifest.xml:7:5-68
	android:name
		ADDED from src/main/AndroidManifest.xml:13:22-65
uses-permission#android.permission.BLUETOOTH_ADMIN
ADDED from src/main/AndroidManifest.xml:14:5-74
	android:name
		ADDED from src/main/AndroidManifest.xml:14:22-71
uses-permission#android.permission.RECORD_AUDIO
ADDED from src/main/AndroidManifest.xml:15:5-71
	android:name
		ADDED from src/main/AndroidManifest.xml:15:22-68
uses-feature#android.hardware.camera.autofocus
ADDED from src/main/AndroidManifest.xml:16:5-18:36
	android:required
		ADDED from src/main/AndroidManifest.xml:18:9-33
	android:name
		ADDED from src/main/AndroidManifest.xml:17:9-57
uses-feature#android.hardware.camera.flash
ADDED from src/main/AndroidManifest.xml:19:5-21:36
	android:required
		ADDED from src/main/AndroidManifest.xml:21:9-33
	android:name
		ADDED from src/main/AndroidManifest.xml:20:9-53
application
ADDED from src/main/AndroidManifest.xml:23:5-63:19
MERGED from [com.android.support:support-compat:28.0.0] AndroidManifest.xml:22:5-94
MERGED from [com.android.support:support-compat:28.0.0] AndroidManifest.xml:22:5-94
MERGED from [com.android.support:versionedparcelable:28.0.0] AndroidManifest.xml:22:5-23:19
MERGED from [com.android.support:versionedparcelable:28.0.0] AndroidManifest.xml:22:5-23:19
	android:appComponentFactory
		ADDED from [com.android.support:support-compat:28.0.0] AndroidManifest.xml:22:18-91
	android:label
		ADDED from src/main/AndroidManifest.xml:26:9-41
	android:icon
		ADDED from src/main/AndroidManifest.xml:25:9-39
	android:allowBackup
		ADDED from src/main/AndroidManifest.xml:24:9-35
	android:theme
		ADDED from src/main/AndroidManifest.xml:27:9-40
uses-library#com.android.future.usb.accessory
ADDED from src/main/AndroidManifest.xml:28:9-30:40
	android:required
		ADDED from src/main/AndroidManifest.xml:30:13-37
	android:name
		ADDED from src/main/AndroidManifest.xml:29:13-60
activity#app.akexorcist.ioiocamerarobot.splashscreen.SplashScreenActivity
ADDED from src/main/AndroidManifest.xml:32:9-46:20
	android:screenOrientation
		ADDED from src/main/AndroidManifest.xml:34:13-54
	android:name
		ADDED from src/main/AndroidManifest.xml:33:13-62
intent-filter#action:name:android.intent.action.MAIN+category:name:android.intent.category.LAUNCHER
ADDED from src/main/AndroidManifest.xml:35:13-38:29
action#android.intent.action.MAIN
ADDED from src/main/AndroidManifest.xml:36:17-69
	android:name
		ADDED from src/main/AndroidManifest.xml:36:25-66
category#android.intent.category.LAUNCHER
ADDED from src/main/AndroidManifest.xml:37:17-77
	android:name
		ADDED from src/main/AndroidManifest.xml:37:27-74
intent-filter#action:name:android.hardware.usb.action.USB_ACCESSORY_ATTACHED
ADDED from src/main/AndroidManifest.xml:39:13-41:29
action#android.hardware.usb.action.USB_ACCESSORY_ATTACHED
ADDED from src/main/AndroidManifest.xml:40:17-93
	android:name
		ADDED from src/main/AndroidManifest.xml:40:25-90
meta-data#android.hardware.usb.action.USB_ACCESSORY_ATTACHED
ADDED from src/main/AndroidManifest.xml:43:13-45:60
	android:resource
		ADDED from src/main/AndroidManifest.xml:45:17-57
	android:name
		ADDED from src/main/AndroidManifest.xml:44:17-82
activity#app.akexorcist.ioiocamerarobot.menu.MenuActivity
ADDED from src/main/AndroidManifest.xml:47:9-49:57
	android:screenOrientation
		ADDED from src/main/AndroidManifest.xml:49:13-54
	android:name
		ADDED from src/main/AndroidManifest.xml:48:13-46
activity#app.akexorcist.ioiocamerarobot.controller.ControllerActivity
ADDED from src/main/AndroidManifest.xml:50:9-52:57
	android:screenOrientation
		ADDED from src/main/AndroidManifest.xml:52:13-54
	android:name
		ADDED from src/main/AndroidManifest.xml:51:13-58
activity#app.akexorcist.ioiocamerarobot.controller.ControllerSetupActivity
ADDED from src/main/AndroidManifest.xml:53:9-55:57
	android:screenOrientation
		ADDED from src/main/AndroidManifest.xml:55:13-54
	android:name
		ADDED from src/main/AndroidManifest.xml:54:13-63
activity#app.akexorcist.ioiocamerarobot.ioio.IOIOControllerActivity
ADDED from src/main/AndroidManifest.xml:56:9-58:56
	android:screenOrientation
		ADDED from src/main/AndroidManifest.xml:58:13-53
	android:name
		ADDED from src/main/AndroidManifest.xml:57:13-56
activity#app.akexorcist.ioiocamerarobot.ioio.IOIOSetupActivity
ADDED from src/main/AndroidManifest.xml:59:9-61:56
	android:screenOrientation
		ADDED from src/main/AndroidManifest.xml:61:13-53
	android:name
		ADDED from src/main/AndroidManifest.xml:60:13-51
uses-sdk
INJECTED from src/main/AndroidManifest.xml reason: use-sdk injection requested
INJECTED from src/main/AndroidManifest.xml
INJECTED from src/main/AndroidManifest.xml
MERGED from [com.android.support:support-v13:28.0.0] AndroidManifest.xml:20:5-44
MERGED from [com.android.support:support-v13:28.0.0] AndroidManifest.xml:20:5-44
MERGED from [com.oguzdev:CircularFloatingActionMenu:1.0.2] AndroidManifest.xml:7:5-9:41
MERGED from [com.oguzdev:CircularFloatingActionMenu:1.0.2] AndroidManifest.xml:7:5-9:41
MERGED from [com.android.support:support-v4:28.0.0] AndroidManifest.xml:20:5-44
MERGED from [com.android.support:support-v4:28.0.0] AndroidManifest.xml:20:5-44
MERGED from [com.android.support:support-media-compat:28.0.0] AndroidManifest.xml:20:5-44
MERGED from [com.android.support:support-media-compat:28.0.0] AndroidManifest.xml:20:5-44
MERGED from [com.android.support:support-fragment:28.0.0] AndroidManifest.xml:20:5-44
MERGED from [com.android.support:support-fragment:28.0.0] AndroidManifest.xml:20:5-44
MERGED from [com.android.support:support-core-ui:28.0.0] AndroidManifest.xml:20:5-44
MERGED from [com.android.support:support-core-ui:28.0.0] AndroidManifest.xml:20:5-44
MERGED from [com.android.support:support-core-utils:28.0.0] AndroidManifest.xml:20:5-44
MERGED from [com.android.support:support-core-utils:28.0.0] AndroidManifest.xml:20:5-44
MERGED from [com.android.support:loader:28.0.0] AndroidManifest.xml:20:5-44
MERGED from [com.android.support:loader:28.0.0] AndroidManifest.xml:20:5-44
MERGED from [com.android.support:viewpager:28.0.0] AndroidManifest.xml:20:5-44
MERGED from [com.android.support:viewpager:28.0.0] AndroidManifest.xml:20:5-44
MERGED from [com.android.support:coordinatorlayout:28.0.0] AndroidManifest.xml:20:5-44
MERGED from [com.android.support:coordinatorlayout:28.0.0] AndroidManifest.xml:20:5-44
MERGED from [com.android.support:drawerlayout:28.0.0] AndroidManifest.xml:20:5-44
MERGED from [com.android.support:drawerlayout:28.0.0] AndroidManifest.xml:20:5-44
MERGED from [com.android.support:slidingpanelayout:28.0.0] AndroidManifest.xml:20:5-44
MERGED from [com.android.support:slidingpanelayout:28.0.0] AndroidManifest.xml:20:5-44
MERGED from [com.android.support:customview:28.0.0] AndroidManifest.xml:20:5-44
MERGED from [com.android.support:customview:28.0.0] AndroidManifest.xml:20:5-44
MERGED from [com.android.support:swiperefreshlayout:28.0.0] AndroidManifest.xml:20:5-44
MERGED from [com.android.support:swiperefreshlayout:28.0.0] AndroidManifest.xml:20:5-44
MERGED from [com.android.support:asynclayoutinflater:28.0.0] AndroidManifest.xml:20:5-44
MERGED from [com.android.support:asynclayoutinflater:28.0.0] AndroidManifest.xml:20:5-44
MERGED from [com.android.support:support-compat:28.0.0] AndroidManifest.xml:20:5-44
MERGED from [com.android.support:support-compat:28.0.0] AndroidManifest.xml:20:5-44
MERGED from [com.android.support:versionedparcelable:28.0.0] AndroidManifest.xml:20:5-44
MERGED from [com.android.support:versionedparcelable:28.0.0] AndroidManifest.xml:20:5-44
MERGED from [android.arch.lifecycle:runtime:1.1.1] AndroidManifest.xml:20:5-44
MERGED from [android.arch.lifecycle:runtime:1.1.1] AndroidManifest.xml:20:5-44
MERGED from [com.android.support:documentfile:28.0.0] AndroidManifest.xml:20:5-44
MERGED from [com.android.support:documentfile:28.0.0] AndroidManifest.xml:20:5-44
MERGED from [com.android.support:localbroadcastmanager:28.0.0] AndroidManifest.xml:20:5-44
MERGED from [com.android.support:localbroadcastmanager:28.0.0] AndroidManifest.xml:20:5-44
MERGED from [com.android.support:print:28.0.0] AndroidManifest.xml:20:5-44
MERGED from [com.android.support:print:28.0.0] AndroidManifest.xml:20:5-44
MERGED from [com.android.support:interpolator:28.0.0] AndroidManifest.xml:20:5-44
MERGED from [com.android.support:interpolator:28.0.0] AndroidManifest.xml:20:5-44
MERGED from [com.android.support:cursoradapter:28.0.0] AndroidManifest.xml:20:5-44
MERGED from [com.android.support:cursoradapter:28.0.0] AndroidManifest.xml:20:5-44
MERGED from [android.arch.lifecycle:viewmodel:1.1.1] AndroidManifest.xml:20:5-44
MERGED from [android.arch.lifecycle:viewmodel:1.1.1] AndroidManifest.xml:20:5-44
MERGED from [android.arch.lifecycle:livedata:1.1.1] AndroidManifest.xml:20:5-44
MERGED from [android.arch.lifecycle:livedata:1.1.1] AndroidManifest.xml:20:5-44
MERGED from [android.arch.lifecycle:livedata-core:1.1.1] AndroidManifest.xml:20:5-44
MERGED from [android.arch.lifecycle:livedata-core:1.1.1] AndroidManifest.xml:20:5-44
MERGED from [android.arch.core:runtime:1.1.1] AndroidManifest.xml:20:5-44
MERGED from [android.arch.core:runtime:1.1.1] AndroidManifest.xml:20:5-44
INJECTED from src/main/AndroidManifest.xml
INJECTED from src/main/AndroidManifest.xml
	android:targetSdkVersion
		INJECTED from src/main/AndroidManifest.xml
		ADDED from src/main/AndroidManifest.xml
		INJECTED from src/main/AndroidManifest.xml
	android:minSdkVersion
		INJECTED from src/main/AndroidManifest.xml
		ADDED from src/main/AndroidManifest.xml
		INJECTED from src/main/AndroidManifest.xml
uses-permission#android.permission.READ_PHONE_STATE
IMPLIED from src/main/AndroidManifest.xml:2:1-64:12 reason: ioio.lib.bluetooth has a targetSdkVersion < 4
uses-permission#android.permission.READ_EXTERNAL_STORAGE
IMPLIED from src/main/AndroidManifest.xml:2:1-64:12 reason: ioio.lib.bluetooth requested WRITE_EXTERNAL_STORAGE